  Bridge.cpp
C:\Users\HP\source\repos\PatronBridge\PatronBridge\Bridge.cpp(8,11): error C2143: error de sintaxis: falta ';' delante de '*'
C:\Users\HP\source\repos\PatronBridge\PatronBridge\Bridge.cpp(8,11): error C4430: falta el especificador de tipo; se presupone int. Nota: C++ no admite default-int
C:\Users\HP\source\repos\PatronBridge\PatronBridge\Bridge.cpp(8,19): error C2238: símbolos (token) inesperados delante de ';'
C:\Users\HP\source\repos\PatronBridge\PatronBridge\Bridge.cpp(11,19): error C2061: error de sintaxis: identificador 'Device'
C:\Users\HP\source\repos\PatronBridge\PatronBridge\Bridge.cpp(11,44): error C2065: 'device': identificador no declarado
C:\Users\HP\source\repos\PatronBridge\PatronBridge\Bridge.cpp(11,37): error C2614: 'RemoteControl': inicialización de miembro no válida: 'device' no es una base o miembro
C:\Users\HP\source\repos\PatronBridge\PatronBridge\Bridge.cpp(14,13): error C2065: 'device': identificador no declarado
C:\Users\HP\source\repos\PatronBridge\PatronBridge\Bridge.cpp(15,13): error C2065: 'device': identificador no declarado
C:\Users\HP\source\repos\PatronBridge\PatronBridge\Bridge.cpp(17,13): error C2065: 'device': identificador no declarado
C:\Users\HP\source\repos\PatronBridge\PatronBridge\Bridge.cpp(21,9): error C2065: 'device': identificador no declarado
C:\Users\HP\source\repos\PatronBridge\PatronBridge\Bridge.cpp(21,27): error C2065: 'device': identificador no declarado
C:\Users\HP\source\repos\PatronBridge\PatronBridge\Bridge.cpp(25,9): error C2065: 'device': identificador no declarado
C:\Users\HP\source\repos\PatronBridge\PatronBridge\Bridge.cpp(25,27): error C2065: 'device': identificador no declarado
C:\Users\HP\source\repos\PatronBridge\PatronBridge\Bridge.cpp(29,9): error C2065: 'device': identificador no declarado
C:\Users\HP\source\repos\PatronBridge\PatronBridge\Bridge.cpp(29,28): error C2065: 'device': identificador no declarado
C:\Users\HP\source\repos\PatronBridge\PatronBridge\Bridge.cpp(33,9): error C2065: 'device': identificador no declarado
C:\Users\HP\source\repos\PatronBridge\PatronBridge\Bridge.cpp(33,28): error C2065: 'device': identificador no declarado
C:\Users\HP\source\repos\PatronBridge\PatronBridge\Bridge.cpp(40,27): error C2061: error de sintaxis: identificador 'Device'
C:\Users\HP\source\repos\PatronBridge\PatronBridge\Bridge.cpp(40,59): error C2065: 'device': identificador no declarado
C:\Users\HP\source\repos\PatronBridge\PatronBridge\Bridge.cpp(43,9): error C2065: 'device': identificador no declarado
C:\Users\HP\source\repos\PatronBridge\PatronBridge\Bridge.cpp(144,16): warning C4244: 'return': conversión de 'float' a 'int'; posible pérdida de datos
C:\Users\HP\source\repos\PatronBridge\PatronBridge\Bridge.cpp(206,8): error C2512: 'Tv': no hay disponible un constructor predeterminado adecuado
C:\Users\HP\source\repos\PatronBridge\PatronBridge\Bridge.cpp(60,7): message : vea la declaración de 'Tv'
C:\Users\HP\source\repos\PatronBridge\PatronBridge\Bridge.cpp(207,29): error C2665: 'RemoteControl::RemoteControl': ninguna de las 3 sobrecargas pudo convertir todos los tipos de argumento
C:\Users\HP\source\repos\PatronBridge\PatronBridge\Bridge.cpp(35,1): message : puede ser 'RemoteControl::RemoteControl(RemoteControl &&)'
C:\Users\HP\source\repos\PatronBridge\PatronBridge\Bridge.cpp(35,1): message : o       'RemoteControl::RemoteControl(const RemoteControl &)'
C:\Users\HP\source\repos\PatronBridge\PatronBridge\Bridge.cpp(207,25): message : 'RemoteControl::RemoteControl(const RemoteControl &)': el argumento 1 no puede convertirse de 'Tv *' a 'const RemoteControl &'
C:\Users\HP\source\repos\PatronBridge\PatronBridge\Bridge.cpp(207,29): message : Razón: no se puede realizar la conversión de 'Tv *' a 'const RemoteControl'
C:\Users\HP\source\repos\PatronBridge\PatronBridge\Bridge.cpp(207,29): message : Ningún constructor ha podido aceptar el tipo de origen o bien la resolución de sobrecarga del constructor era ambigua
C:\Users\HP\source\repos\PatronBridge\PatronBridge\Bridge.cpp(35,1): message : vea la declaración de 'RemoteControl::RemoteControl'
C:\Users\HP\source\repos\PatronBridge\PatronBridge\Bridge.cpp(207,29): message : al hacer coincidir la lista de argumentos '(Tv *)'
C:\Users\HP\source\repos\PatronBridge\PatronBridge\Bridge.cpp(212,11): error C2259: "Radio": no se puede crear una instancia de una clase abstract
C:\Users\HP\source\repos\PatronBridge\PatronBridge\Bridge.cpp(108): message : vea la declaración de 'Radio'
C:\Users\HP\source\repos\PatronBridge\PatronBridge\Bridge.cpp(212,11): message : debido a los siguientes miembros:
C:\Users\HP\source\repos\PatronBridge\PatronBridge\Bridge.cpp(212,11): message : 'void Device::setChannel(int)': es abstracto
C:\Users\HP\source\repos\PatronBridge\PatronBridge\Bridge.cpp(56): message : vea la declaración de 'Device::setChannel'
C:\Users\HP\source\repos\PatronBridge\PatronBridge\Bridge.cpp(213,48): error C2665: 'AdvancedRemoteControl::AdvancedRemoteControl': ninguna de las 3 sobrecargas pudo convertir todos los tipos de argumento
C:\Users\HP\source\repos\PatronBridge\PatronBridge\Bridge.cpp(45,1): message : puede ser 'AdvancedRemoteControl::AdvancedRemoteControl(AdvancedRemoteControl &&)'
C:\Users\HP\source\repos\PatronBridge\PatronBridge\Bridge.cpp(45,1): message : o       'AdvancedRemoteControl::AdvancedRemoteControl(const AdvancedRemoteControl &)'
C:\Users\HP\source\repos\PatronBridge\PatronBridge\Bridge.cpp(213,41): message : 'AdvancedRemoteControl::AdvancedRemoteControl(const AdvancedRemoteControl &)': el argumento 1 no puede convertirse de 'Radio *' a 'const AdvancedRemoteControl &'
C:\Users\HP\source\repos\PatronBridge\PatronBridge\Bridge.cpp(213,48): message : Razón: no se puede realizar la conversión de 'Radio *' a 'const AdvancedRemoteControl'
C:\Users\HP\source\repos\PatronBridge\PatronBridge\Bridge.cpp(213,48): message : Ningún constructor ha podido aceptar el tipo de origen o bien la resolución de sobrecarga del constructor era ambigua
C:\Users\HP\source\repos\PatronBridge\PatronBridge\Bridge.cpp(45,1): message : vea la declaración de 'AdvancedRemoteControl::AdvancedRemoteControl'
C:\Users\HP\source\repos\PatronBridge\PatronBridge\Bridge.cpp(213,48): message : al hacer coincidir la lista de argumentos '(Radio *)'
C:\Users\HP\source\repos\PatronBridge\PatronBridge\Bridge.cpp(219,11): error C2259: "TvBox": no se puede crear una instancia de una clase abstract
C:\Users\HP\source\repos\PatronBridge\PatronBridge\Bridge.cpp(153): message : vea la declaración de 'TvBox'
C:\Users\HP\source\repos\PatronBridge\PatronBridge\Bridge.cpp(219,11): message : debido a los siguientes miembros:
C:\Users\HP\source\repos\PatronBridge\PatronBridge\Bridge.cpp(219,11): message : 'int Device::getChannel(void)': es abstracto
C:\Users\HP\source\repos\PatronBridge\PatronBridge\Bridge.cpp(55): message : vea la declaración de 'Device::getChannel'
C:\Users\HP\source\repos\PatronBridge\PatronBridge\Bridge.cpp(219,11): message : 'void Device::setChannel(int)': es abstracto
C:\Users\HP\source\repos\PatronBridge\PatronBridge\Bridge.cpp(56): message : vea la declaración de 'Device::setChannel'
C:\Users\HP\source\repos\PatronBridge\PatronBridge\Bridge.cpp(219,16): error C2259: "TvBox": no se puede crear una instancia de una clase abstract
C:\Users\HP\source\repos\PatronBridge\PatronBridge\Bridge.cpp(153): message : vea la declaración de 'TvBox'
C:\Users\HP\source\repos\PatronBridge\PatronBridge\Bridge.cpp(219,16): message : debido a los siguientes miembros:
C:\Users\HP\source\repos\PatronBridge\PatronBridge\Bridge.cpp(219,16): message : 'int Device::getChannel(void)': es abstracto
C:\Users\HP\source\repos\PatronBridge\PatronBridge\Bridge.cpp(55): message : vea la declaración de 'Device::getChannel'
C:\Users\HP\source\repos\PatronBridge\PatronBridge\Bridge.cpp(219,16): message : 'void Device::setChannel(int)': es abstracto
C:\Users\HP\source\repos\PatronBridge\PatronBridge\Bridge.cpp(56): message : vea la declaración de 'Device::setChannel'
C:\Users\HP\source\repos\PatronBridge\PatronBridge\Bridge.cpp(219,25): error C2665: 'TvBox::TvBox': ninguna de las 3 sobrecargas pudo convertir todos los tipos de argumento
C:\Users\HP\source\repos\PatronBridge\PatronBridge\Bridge.cpp(203,1): message : puede ser 'TvBox::TvBox(TvBox &&)'
C:\Users\HP\source\repos\PatronBridge\PatronBridge\Bridge.cpp(203,1): message : o       'TvBox::TvBox(const TvBox &)'
C:\Users\HP\source\repos\PatronBridge\PatronBridge\Bridge.cpp(160,5): message : o       'TvBox::TvBox(const std::vector<std::string,std::allocator<std::string>> &)'
C:\Users\HP\source\repos\PatronBridge\PatronBridge\Bridge.cpp(219,16): message : 'TvBox::TvBox(const std::vector<std::string,std::allocator<std::string>> &)': el argumento 1 no puede convertirse de 'const char [7]' a 'const std::vector<std::string,std::allocator<std::string>> &'
C:\Users\HP\source\repos\PatronBridge\PatronBridge\Bridge.cpp(219,25): message : Razón: no se puede realizar la conversión de 'const char [7]' a 'const std::vector<std::string,std::allocator<std::string>>'
C:\Users\HP\source\repos\PatronBridge\PatronBridge\Bridge.cpp(219,25): message : Ningún constructor ha podido aceptar el tipo de origen o bien la resolución de sobrecarga del constructor era ambigua
C:\Users\HP\source\repos\PatronBridge\PatronBridge\Bridge.cpp(160,5): message : vea la declaración de 'TvBox::TvBox'
C:\Users\HP\source\repos\PatronBridge\PatronBridge\Bridge.cpp(219,25): message : al hacer coincidir la lista de argumentos '(const char [7])'
C:\Users\HP\source\repos\PatronBridge\PatronBridge\Bridge.cpp(221,19): error C2374: 'remote': nueva definición; inicialización múltiple
C:\Users\HP\source\repos\PatronBridge\PatronBridge\Bridge.cpp(207): message : vea la declaración de 'remote'
